<?xml version="1.0" encoding="UTF-8"?>
<!-- Generated by org.testng.reporters.JUnitXMLReporter -->
<testsuite ignored="18" hostname="UTSHOB" failures="0" tests="10" name="Test" time="29.86" errors="0" timestamp="2024-12-27T11:20:49 BDT">
  <testcase classname="com.pchousebd.testcases.HomePageTest" name="homePageStartup" time="2.261"/>
  <testcase classname="com.pchousebd.testcases.LoginTest" name="loginWithValidCredential" time="3.443"/>
  <testcase classname="com.pchousebd.testcases.HomePageAfterLoginTest" name="returnToHomePage" time="1.215"/>
  <testcase classname="com.pchousebd.testcases.HoverToComponentMenuTest" name="hoverToComponentDropOptions" time="0.673"/>
  <testcase classname="com.pchousebd.testcases.HoverToProcessorTest" name="hoverToProcessorOptions" time="0.656"/>
  <testcase classname="com.pchousebd.testcases.selectIntelTest" name="selectIntel" time="3.43"/>
  <testcase classname="com.pchousebd.testcases.ProcessorSelectionFromPageTest" name="processorSelect" time="1.367"/>
  <testcase classname="com.pchousebd.testcases.ProcessorAddToCartTest" name="addTocartProcessor" time="3.119"/>
  <testcase classname="com.pchousebd.testcases.GotoCheckoutPageTest" name="checkoutButtonClick" time="2.873"/>
  <testcase classname="com.pchousebd.testcases.QuickChekoutTest" name="checkout" time="10.685"/>
  <testcase classname="com.pchousebd.testcases.Base" name="@AfterSuite quitBrowser" time="0.0">
    <ignored/>
  </testcase> <!-- @AfterSuite quitBrowser -->
  <testcase classname="com.pchousebd.testcases.Base" name="@BeforeSuite setBrowser" time="0.0">
    <ignored/>
  </testcase> <!-- @BeforeSuite setBrowser -->
  <testcase classname="com.pchousebd.testcases.Base" name="@BeforeSuite setBrowser" time="0.0">
    <ignored/>
  </testcase> <!-- @BeforeSuite setBrowser -->
  <testcase classname="com.pchousebd.testcases.Base" name="@BeforeSuite setBrowser" time="0.0">
    <ignored/>
  </testcase> <!-- @BeforeSuite setBrowser -->
  <testcase classname="com.pchousebd.testcases.Base" name="@AfterSuite quitBrowser" time="0.0">
    <ignored/>
  </testcase> <!-- @AfterSuite quitBrowser -->
  <testcase classname="com.pchousebd.testcases.Base" name="@AfterSuite quitBrowser" time="0.0">
    <ignored/>
  </testcase> <!-- @AfterSuite quitBrowser -->
  <testcase classname="com.pchousebd.testcases.Base" name="@BeforeSuite setBrowser" time="0.0">
    <ignored/>
  </testcase> <!-- @BeforeSuite setBrowser -->
  <testcase classname="com.pchousebd.testcases.Base" name="@AfterSuite quitBrowser" time="0.0">
    <ignored/>
  </testcase> <!-- @AfterSuite quitBrowser -->
  <testcase classname="com.pchousebd.testcases.Base" name="@AfterSuite quitBrowser" time="0.0">
    <ignored/>
  </testcase> <!-- @AfterSuite quitBrowser -->
  <testcase classname="com.pchousebd.testcases.Base" name="@BeforeSuite setBrowser" time="0.0">
    <ignored/>
  </testcase> <!-- @BeforeSuite setBrowser -->
  <testcase classname="com.pchousebd.testcases.Base" name="@BeforeSuite setBrowser" time="0.0">
    <ignored/>
  </testcase> <!-- @BeforeSuite setBrowser -->
  <testcase classname="com.pchousebd.testcases.Base" name="@AfterSuite quitBrowser" time="0.0">
    <ignored/>
  </testcase> <!-- @AfterSuite quitBrowser -->
  <testcase classname="com.pchousebd.testcases.Base" name="@BeforeSuite setBrowser" time="0.0">
    <ignored/>
  </testcase> <!-- @BeforeSuite setBrowser -->
  <testcase classname="com.pchousebd.testcases.Base" name="@BeforeSuite setBrowser" time="0.0">
    <ignored/>
  </testcase> <!-- @BeforeSuite setBrowser -->
  <testcase classname="com.pchousebd.testcases.Base" name="@AfterSuite quitBrowser" time="0.0">
    <ignored/>
  </testcase> <!-- @AfterSuite quitBrowser -->
  <testcase classname="com.pchousebd.testcases.Base" name="@AfterSuite quitBrowser" time="0.0">
    <ignored/>
  </testcase> <!-- @AfterSuite quitBrowser -->
  <testcase classname="com.pchousebd.testcases.Base" name="@AfterSuite quitBrowser" time="0.0">
    <ignored/>
  </testcase> <!-- @AfterSuite quitBrowser -->
  <testcase classname="com.pchousebd.testcases.Base" name="@BeforeSuite setBrowser" time="0.0">
    <ignored/>
  </testcase> <!-- @BeforeSuite setBrowser -->
</testsuite> <!-- Test -->
