<?xml version="1.0" encoding="UTF-8"?>
<!-- Generated by org.testng.reporters.JUnitXMLReporter -->
<testsuite ignored="20" hostname="UTSHOB" failures="0" tests="11" name="Test" time="28.573" errors="0" timestamp="2024-12-29T04:22:04 BDT">
  <testcase classname="com.pchousebd.testcases.HomePageTest" name="homePageStartup" time="2.391"/>
  <testcase classname="com.pchousebd.testcases.LoginTest" name="loginWithValidCredential" time="2.592"/>
  <testcase classname="com.pchousebd.testcases.HomePageAfterLoginTest" name="returnToHomePage" time="1.499"/>
  <testcase classname="com.pchousebd.testcases.HoverToComponentMenuTest" name="hoverToComponentDropOptions" time="0.768"/>
  <testcase classname="com.pchousebd.testcases.HoverToProcessorTest" name="hoverToProcessorOptions" time="0.685"/>
  <testcase classname="com.pchousebd.testcases.selectIntelTest" name="selectIntel" time="3.577"/>
  <testcase classname="com.pchousebd.testcases.ProcessorSelectionFromPageTest" name="processorSelect" time="1.537"/>
  <testcase classname="com.pchousebd.testcases.ProcessorAddToCartTest" name="addTocartProcessor" time="3.19"/>
  <testcase classname="com.pchousebd.testcases.GotoCheckoutPageTest" name="checkoutButtonClick" time="3.228"/>
  <testcase classname="com.pchousebd.testcases.QuickChekoutTest" name="checkout" time="1.519"/>
  <testcase classname="com.pchousebd.testcases.CheckoutSuccessTest" name="checkoutSuccess" time="7.178"/>
  <testcase classname="com.pchousebd.testcases.Base" name="@AfterSuite quitBrowser" time="0.0">
    <ignored/>
  </testcase> <!-- @AfterSuite quitBrowser -->
  <testcase classname="com.pchousebd.testcases.Base" name="@AfterSuite quitBrowser" time="0.0">
    <ignored/>
  </testcase> <!-- @AfterSuite quitBrowser -->
  <testcase classname="com.pchousebd.testcases.Base" name="@BeforeSuite setBrowser" time="0.0">
    <ignored/>
  </testcase> <!-- @BeforeSuite setBrowser -->
  <testcase classname="com.pchousebd.testcases.Base" name="@AfterSuite quitBrowser" time="0.0">
    <ignored/>
  </testcase> <!-- @AfterSuite quitBrowser -->
  <testcase classname="com.pchousebd.testcases.Base" name="@AfterSuite quitBrowser" time="0.0">
    <ignored/>
  </testcase> <!-- @AfterSuite quitBrowser -->
  <testcase classname="com.pchousebd.testcases.Base" name="@BeforeSuite setBrowser" time="0.0">
    <ignored/>
  </testcase> <!-- @BeforeSuite setBrowser -->
  <testcase classname="com.pchousebd.testcases.Base" name="@AfterSuite quitBrowser" time="0.0">
    <ignored/>
  </testcase> <!-- @AfterSuite quitBrowser -->
  <testcase classname="com.pchousebd.testcases.Base" name="@AfterSuite quitBrowser" time="0.0">
    <ignored/>
  </testcase> <!-- @AfterSuite quitBrowser -->
  <testcase classname="com.pchousebd.testcases.Base" name="@BeforeSuite setBrowser" time="0.0">
    <ignored/>
  </testcase> <!-- @BeforeSuite setBrowser -->
  <testcase classname="com.pchousebd.testcases.Base" name="@BeforeSuite setBrowser" time="0.0">
    <ignored/>
  </testcase> <!-- @BeforeSuite setBrowser -->
  <testcase classname="com.pchousebd.testcases.Base" name="@AfterSuite quitBrowser" time="0.0">
    <ignored/>
  </testcase> <!-- @AfterSuite quitBrowser -->
  <testcase classname="com.pchousebd.testcases.Base" name="@BeforeSuite setBrowser" time="0.0">
    <ignored/>
  </testcase> <!-- @BeforeSuite setBrowser -->
  <testcase classname="com.pchousebd.testcases.Base" name="@BeforeSuite setBrowser" time="0.0">
    <ignored/>
  </testcase> <!-- @BeforeSuite setBrowser -->
  <testcase classname="com.pchousebd.testcases.Base" name="@BeforeSuite setBrowser" time="0.0">
    <ignored/>
  </testcase> <!-- @BeforeSuite setBrowser -->
  <testcase classname="com.pchousebd.testcases.Base" name="@AfterSuite quitBrowser" time="0.0">
    <ignored/>
  </testcase> <!-- @AfterSuite quitBrowser -->
  <testcase classname="com.pchousebd.testcases.Base" name="@AfterSuite quitBrowser" time="0.0">
    <ignored/>
  </testcase> <!-- @AfterSuite quitBrowser -->
  <testcase classname="com.pchousebd.testcases.Base" name="@BeforeSuite setBrowser" time="0.0">
    <ignored/>
  </testcase> <!-- @BeforeSuite setBrowser -->
  <testcase classname="com.pchousebd.testcases.Base" name="@BeforeSuite setBrowser" time="0.0">
    <ignored/>
  </testcase> <!-- @BeforeSuite setBrowser -->
  <testcase classname="com.pchousebd.testcases.Base" name="@AfterSuite quitBrowser" time="0.0">
    <ignored/>
  </testcase> <!-- @AfterSuite quitBrowser -->
  <testcase classname="com.pchousebd.testcases.Base" name="@BeforeSuite setBrowser" time="0.0">
    <ignored/>
  </testcase> <!-- @BeforeSuite setBrowser -->
</testsuite> <!-- Test -->
