<?xml version="1.0" encoding="UTF-8"?>
<testng-results ignored="0" total="10" passed="10" failed="0" skipped="0">
  <reporter-output>
  </reporter-output>
  <suite started-at="2024-12-27T11:20:19 BDT" name="Suite" finished-at="2024-12-27T11:20:49 BDT" duration-ms="29860">
    <groups>
    </groups>
    <test started-at="2024-12-27T11:20:19 BDT" name="Test" finished-at="2024-12-27T11:20:49 BDT" duration-ms="29860">
      <class name="com.pchousebd.testcases.HoverToProcessorTest">
        <test-method signature="hoverToProcessorOptions()[pri:0, instance:com.pchousebd.testcases.HoverToProcessorTest@5fb7183b]" started-at="2024-12-27T11:20:27 BDT" name="hoverToProcessorOptions" finished-at="2024-12-27T11:20:27 BDT" duration-ms="656" status="PASS">
          <reporter-output>
          </reporter-output>
        </test-method> <!-- hoverToProcessorOptions -->
      </class> <!-- com.pchousebd.testcases.HoverToProcessorTest -->
      <class name="com.pchousebd.testcases.HomePageAfterLoginTest">
        <test-method signature="returnToHomePage()[pri:0, instance:com.pchousebd.testcases.HomePageAfterLoginTest@676ff3b0]" started-at="2024-12-27T11:20:25 BDT" name="returnToHomePage" finished-at="2024-12-27T11:20:26 BDT" duration-ms="1215" status="PASS">
          <reporter-output>
          </reporter-output>
        </test-method> <!-- returnToHomePage -->
      </class> <!-- com.pchousebd.testcases.HomePageAfterLoginTest -->
      <class name="com.pchousebd.testcases.LoginTest">
        <test-method signature="loginWithValidCredential()[pri:0, instance:com.pchousebd.testcases.LoginTest@74ad8d05]" started-at="2024-12-27T11:20:21 BDT" name="loginWithValidCredential" finished-at="2024-12-27T11:20:25 BDT" duration-ms="3443" status="PASS">
          <reporter-output>
          </reporter-output>
        </test-method> <!-- loginWithValidCredential -->
      </class> <!-- com.pchousebd.testcases.LoginTest -->
      <class name="com.pchousebd.testcases.ProcessorSelectionFromPageTest">
        <test-method signature="processorSelect()[pri:0, instance:com.pchousebd.testcases.ProcessorSelectionFromPageTest@65bcf7c2]" started-at="2024-12-27T11:20:31 BDT" name="processorSelect" finished-at="2024-12-27T11:20:32 BDT" duration-ms="1367" status="PASS">
          <reporter-output>
          </reporter-output>
        </test-method> <!-- processorSelect -->
      </class> <!-- com.pchousebd.testcases.ProcessorSelectionFromPageTest -->
      <class name="com.pchousebd.testcases.HoverToComponentMenuTest">
        <test-method signature="hoverToComponentDropOptions()[pri:0, instance:com.pchousebd.testcases.HoverToComponentMenuTest@35ff8fc9]" started-at="2024-12-27T11:20:26 BDT" name="hoverToComponentDropOptions" finished-at="2024-12-27T11:20:27 BDT" duration-ms="673" status="PASS">
          <reporter-output>
          </reporter-output>
        </test-method> <!-- hoverToComponentDropOptions -->
      </class> <!-- com.pchousebd.testcases.HoverToComponentMenuTest -->
      <class name="com.pchousebd.testcases.GotoCheckoutPageTest">
        <test-method signature="checkoutButtonClick()[pri:0, instance:com.pchousebd.testcases.GotoCheckoutPageTest@32b9bd12]" started-at="2024-12-27T11:20:35 BDT" name="checkoutButtonClick" finished-at="2024-12-27T11:20:38 BDT" duration-ms="2873" status="PASS">
          <reporter-output>
          </reporter-output>
        </test-method> <!-- checkoutButtonClick -->
      </class> <!-- com.pchousebd.testcases.GotoCheckoutPageTest -->
      <class name="com.pchousebd.testcases.QuickChekoutTest">
        <test-method signature="checkout()[pri:0, instance:com.pchousebd.testcases.QuickChekoutTest@7e75bf2d]" started-at="2024-12-27T11:20:38 BDT" name="checkout" finished-at="2024-12-27T11:20:49 BDT" duration-ms="10685" status="PASS">
          <reporter-output>
          </reporter-output>
        </test-method> <!-- checkout -->
      </class> <!-- com.pchousebd.testcases.QuickChekoutTest -->
      <class name="com.pchousebd.testcases.ProcessorAddToCartTest">
        <test-method signature="addTocartProcessor()[pri:0, instance:com.pchousebd.testcases.ProcessorAddToCartTest@55ecbafe]" started-at="2024-12-27T11:20:32 BDT" name="addTocartProcessor" finished-at="2024-12-27T11:20:35 BDT" duration-ms="3119" status="PASS">
          <reporter-output>
          </reporter-output>
        </test-method> <!-- addTocartProcessor -->
      </class> <!-- com.pchousebd.testcases.ProcessorAddToCartTest -->
      <class name="com.pchousebd.testcases.HomePageTest">
        <test-method is-config="true" signature="setBrowser()[pri:0, instance:com.pchousebd.testcases.HomePageTest@621f89b8]" started-at="2024-12-27T11:20:17 BDT" name="setBrowser" finished-at="2024-12-27T11:20:19 BDT" duration-ms="1755" status="PASS">
          <reporter-output>
          </reporter-output>
        </test-method> <!-- setBrowser -->
        <test-method signature="homePageStartup()[pri:0, instance:com.pchousebd.testcases.HomePageTest@621f89b8]" started-at="2024-12-27T11:20:19 BDT" name="homePageStartup" finished-at="2024-12-27T11:20:21 BDT" duration-ms="2261" status="PASS">
          <reporter-output>
          </reporter-output>
        </test-method> <!-- homePageStartup -->
        <test-method is-config="true" signature="quitBrowser()[pri:0, instance:com.pchousebd.testcases.HomePageTest@621f89b8]" started-at="2024-12-27T11:20:49 BDT" name="quitBrowser" finished-at="2024-12-27T11:20:49 BDT" duration-ms="174" status="PASS">
          <reporter-output>
          </reporter-output>
        </test-method> <!-- quitBrowser -->
      </class> <!-- com.pchousebd.testcases.HomePageTest -->
      <class name="com.pchousebd.testcases.selectIntelTest">
        <test-method signature="selectIntel()[pri:0, instance:com.pchousebd.testcases.selectIntelTest@476a736d]" started-at="2024-12-27T11:20:27 BDT" name="selectIntel" finished-at="2024-12-27T11:20:31 BDT" duration-ms="3430" status="PASS">
          <reporter-output>
          </reporter-output>
        </test-method> <!-- selectIntel -->
      </class> <!-- com.pchousebd.testcases.selectIntelTest -->
    </test> <!-- Test -->
  </suite> <!-- Suite -->
</testng-results>
