<?xml version="1.0" encoding="UTF-8"?>
<testng-results ignored="0" total="11" passed="11" failed="0" skipped="0">
  <reporter-output>
  </reporter-output>
  <suite started-at="2024-12-29T08:28:13 BDT" name="Suite" finished-at="2024-12-29T08:28:42 BDT" duration-ms="29407">
    <groups>
    </groups>
    <test started-at="2024-12-29T08:28:13 BDT" name="Test" finished-at="2024-12-29T08:28:42 BDT" duration-ms="29407">
      <class name="com.pchousebd.testcases.HoverToProcessorTest">
        <test-method signature="hoverToProcessorOptions()[pri:0, instance:com.pchousebd.testcases.HoverToProcessorTest@576c5536]" started-at="2024-12-29T08:28:21 BDT" name="hoverToProcessorOptions" finished-at="2024-12-29T08:28:22 BDT" duration-ms="683" status="PASS">
          <reporter-output>
          </reporter-output>
        </test-method> <!-- hoverToProcessorOptions -->
      </class> <!-- com.pchousebd.testcases.HoverToProcessorTest -->
      <class name="com.pchousebd.testcases.HomePageAfterLoginTest">
        <test-method signature="returnToHomePage()[pri:0, instance:com.pchousebd.testcases.HomePageAfterLoginTest@3db64bd4]" started-at="2024-12-29T08:28:19 BDT" name="returnToHomePage" finished-at="2024-12-29T08:28:20 BDT" duration-ms="1643" status="PASS">
          <reporter-output>
          </reporter-output>
        </test-method> <!-- returnToHomePage -->
      </class> <!-- com.pchousebd.testcases.HomePageAfterLoginTest -->
      <class name="com.pchousebd.testcases.LoginTest">
        <test-method signature="loginWithValidCredential()[pri:0, instance:com.pchousebd.testcases.LoginTest@65bcf7c2]" started-at="2024-12-29T08:28:16 BDT" name="loginWithValidCredential" finished-at="2024-12-29T08:28:19 BDT" duration-ms="3006" status="PASS">
          <reporter-output>
          </reporter-output>
        </test-method> <!-- loginWithValidCredential -->
      </class> <!-- com.pchousebd.testcases.LoginTest -->
      <class name="com.pchousebd.testcases.ProcessorSelectionFromPageTest">
        <test-method signature="processorSelect()[pri:0, instance:com.pchousebd.testcases.ProcessorSelectionFromPageTest@32b9bd12]" started-at="2024-12-29T08:28:26 BDT" name="processorSelect" finished-at="2024-12-29T08:28:28 BDT" duration-ms="1640" status="PASS">
          <reporter-output>
          </reporter-output>
        </test-method> <!-- processorSelect -->
      </class> <!-- com.pchousebd.testcases.ProcessorSelectionFromPageTest -->
      <class name="com.pchousebd.testcases.HoverToComponentMenuTest">
        <test-method signature="hoverToComponentDropOptions()[pri:0, instance:com.pchousebd.testcases.HoverToComponentMenuTest@6e106680]" started-at="2024-12-29T08:28:20 BDT" name="hoverToComponentDropOptions" finished-at="2024-12-29T08:28:21 BDT" duration-ms="799" status="PASS">
          <reporter-output>
          </reporter-output>
        </test-method> <!-- hoverToComponentDropOptions -->
      </class> <!-- com.pchousebd.testcases.HoverToComponentMenuTest -->
      <class name="com.pchousebd.testcases.GotoCheckoutPageTest">
        <test-method signature="checkoutButtonClick()[pri:0, instance:com.pchousebd.testcases.GotoCheckoutPageTest@73044cdf]" started-at="2024-12-29T08:28:31 BDT" name="checkoutButtonClick" finished-at="2024-12-29T08:28:34 BDT" duration-ms="3210" status="PASS">
          <reporter-output>
          </reporter-output>
        </test-method> <!-- checkoutButtonClick -->
      </class> <!-- com.pchousebd.testcases.GotoCheckoutPageTest -->
      <class name="com.pchousebd.testcases.CheckoutSuccessTest">
        <test-method signature="checkoutSuccess()[pri:0, instance:com.pchousebd.testcases.CheckoutSuccessTest@7ec25216]" started-at="2024-12-29T08:28:35 BDT" name="checkoutSuccess" finished-at="2024-12-29T08:28:42 BDT" duration-ms="7229" status="PASS">
          <reporter-output>
          </reporter-output>
        </test-method> <!-- checkoutSuccess -->
      </class> <!-- com.pchousebd.testcases.CheckoutSuccessTest -->
      <class name="com.pchousebd.testcases.QuickChekoutTest">
        <test-method signature="checkout()[pri:0, instance:com.pchousebd.testcases.QuickChekoutTest@58112bc4]" started-at="2024-12-29T08:28:34 BDT" name="checkout" finished-at="2024-12-29T08:28:35 BDT" duration-ms="957" status="PASS">
          <reporter-output>
          </reporter-output>
        </test-method> <!-- checkout -->
      </class> <!-- com.pchousebd.testcases.QuickChekoutTest -->
      <class name="com.pchousebd.testcases.ProcessorAddToCartTest">
        <test-method signature="addTocartProcessor()[pri:0, instance:com.pchousebd.testcases.ProcessorAddToCartTest@7e75bf2d]" started-at="2024-12-29T08:28:28 BDT" name="addTocartProcessor" finished-at="2024-12-29T08:28:31 BDT" duration-ms="3215" status="PASS">
          <reporter-output>
          </reporter-output>
        </test-method> <!-- addTocartProcessor -->
      </class> <!-- com.pchousebd.testcases.ProcessorAddToCartTest -->
      <class name="com.pchousebd.testcases.HomePageTest">
        <test-method is-config="true" signature="setBrowser()[pri:0, instance:com.pchousebd.testcases.HomePageTest@3d43fe]" started-at="2024-12-29T08:28:08 BDT" name="setBrowser" finished-at="2024-12-29T08:28:13 BDT" duration-ms="4317" status="PASS">
          <reporter-output>
          </reporter-output>
        </test-method> <!-- setBrowser -->
        <test-method signature="homePageStartup()[pri:0, instance:com.pchousebd.testcases.HomePageTest@3d43fe]" started-at="2024-12-29T08:28:13 BDT" name="homePageStartup" finished-at="2024-12-29T08:28:15 BDT" duration-ms="2613" status="PASS">
          <reporter-output>
          </reporter-output>
        </test-method> <!-- homePageStartup -->
        <test-method is-config="true" signature="quitBrowser()[pri:0, instance:com.pchousebd.testcases.HomePageTest@3d43fe]" started-at="2024-12-29T08:28:42 BDT" name="quitBrowser" finished-at="2024-12-29T08:28:43 BDT" duration-ms="746" status="PASS">
          <reporter-output>
          </reporter-output>
        </test-method> <!-- quitBrowser -->
      </class> <!-- com.pchousebd.testcases.HomePageTest -->
      <class name="com.pchousebd.testcases.selectIntelTest">
        <test-method signature="selectIntel()[pri:0, instance:com.pchousebd.testcases.selectIntelTest@55ecbafe]" started-at="2024-12-29T08:28:22 BDT" name="selectIntel" finished-at="2024-12-29T08:28:26 BDT" duration-ms="3968" status="PASS">
          <reporter-output>
          </reporter-output>
        </test-method> <!-- selectIntel -->
      </class> <!-- com.pchousebd.testcases.selectIntelTest -->
    </test> <!-- Test -->
  </suite> <!-- Suite -->
</testng-results>
